<?xml version="1.0" encoding="UTF-8"?>
<testng-results ignored="0" total="1" passed="1" failed="0" skipped="0">
  <reporter-output>
  </reporter-output>
  <suite started-at="2024-02-19T00:28:01 IST" name="Surefire suite" finished-at="2024-02-19T00:28:33 IST" duration-ms="31249">
    <groups>
      <group name="cucumber">
        <method signature="AbstractTestNGCucumberTests.runScenario(io.cucumber.testng.PickleWrapper,io.cucumber.testng.FeatureWrapper)[pri:0, instance:stepdef.TestRunner@4d0f2471]" name="runScenario" class="io.cucumber.testng.AbstractTestNGCucumberTests"/>
      </group> <!-- cucumber -->
    </groups>
    <test started-at="2024-02-19T00:28:01 IST" name="Surefire test" finished-at="2024-02-19T00:28:33 IST" duration-ms="31249">
      <class name="stepdef.TestRunner">
        <test-method is-config="true" signature="setUpClass(org.testng.ITestContext)[pri:0, instance:stepdef.TestRunner@4d0f2471]" started-at="2024-02-19T00:28:01 IST" name="setUpClass" finished-at="2024-02-19T00:28:02 IST" duration-ms="475" status="PASS">
          <params>
            <param index="0">
              <value>
                <![CDATA[org.testng.TestRunner@75babb67]]>
              </value>
            </param>
          </params>
          <reporter-output>
          </reporter-output>
        </test-method> <!-- setUpClass -->
        <test-method signature="runScenario(io.cucumber.testng.PickleWrapper,io.cucumber.testng.FeatureWrapper)[pri:0, instance:stepdef.TestRunner@4d0f2471]" started-at="2024-02-19T00:28:02 IST" name="runScenario" description="Runs Cucumber Scenarios" data-provider="scenarios" finished-at="2024-02-19T00:28:32 IST" duration-ms="30615" status="PASS">
          <params>
            <param index="0">
              <value>
                <![CDATA["User is able to login with valid credential"]]>
              </value>
            </param>
            <param index="1">
              <value>
                <![CDATA["login page."]]>
              </value>
            </param>
          </params>
          <reporter-output>
          </reporter-output>
        </test-method> <!-- runScenario -->
        <test-method is-config="true" signature="tearDownClass()[pri:0, instance:stepdef.TestRunner@4d0f2471]" started-at="2024-02-19T00:28:32 IST" name="tearDownClass" finished-at="2024-02-19T00:28:33 IST" duration-ms="97" status="PASS">
          <reporter-output>
          </reporter-output>
        </test-method> <!-- tearDownClass -->
      </class> <!-- stepdef.TestRunner -->
    </test> <!-- Surefire test -->
  </suite> <!-- Surefire suite -->
</testng-results>
