<?xml version="1.0" encoding="UTF-8"?>
<testng-results ignored="0" total="1" passed="1" failed="0" skipped="0">
  <reporter-output>
  </reporter-output>
  <suite started-at="2024-02-18T22:15:29 IST" name="Default suite" finished-at="2024-02-18T22:16:02 IST" duration-ms="33150">
    <groups>
      <group name="cucumber">
        <method signature="AbstractTestNGCucumberTests.runScenario(io.cucumber.testng.PickleWrapper,io.cucumber.testng.FeatureWrapper)[pri:0, instance:stepdef.TestRunner@33bc72d1]" name="runScenario" class="io.cucumber.testng.AbstractTestNGCucumberTests"/>
      </group> <!-- cucumber -->
    </groups>
    <test started-at="2024-02-18T22:15:29 IST" name="Default test" finished-at="2024-02-18T22:16:02 IST" duration-ms="33150">
      <class name="stepdef.TestRunner">
        <test-method is-config="true" signature="setUpClass(org.testng.ITestContext)[pri:0, instance:stepdef.TestRunner@33bc72d1]" started-at="2024-02-18T22:15:29 IST" name="setUpClass" finished-at="2024-02-18T22:15:30 IST" duration-ms="711" status="PASS">
          <params>
            <param index="0">
              <value>
                <![CDATA[org.testng.TestRunner@483b0690]]>
              </value>
            </param>
          </params>
          <reporter-output>
          </reporter-output>
        </test-method> <!-- setUpClass -->
        <test-method signature="runScenario(io.cucumber.testng.PickleWrapper,io.cucumber.testng.FeatureWrapper)[pri:0, instance:stepdef.TestRunner@33bc72d1]" started-at="2024-02-18T22:15:30 IST" name="runScenario" description="Runs Cucumber Scenarios" data-provider="scenarios" finished-at="2024-02-18T22:16:02 IST" duration-ms="32199" status="PASS">
          <params>
            <param index="0">
              <value>
                <![CDATA["User is able to login with valid credential"]]>
              </value>
            </param>
            <param index="1">
              <value>
                <![CDATA["login page."]]>
              </value>
            </param>
          </params>
          <reporter-output>
          </reporter-output>
        </test-method> <!-- runScenario -->
        <test-method is-config="true" signature="tearDownClass()[pri:0, instance:stepdef.TestRunner@33bc72d1]" started-at="2024-02-18T22:16:02 IST" name="tearDownClass" finished-at="2024-02-18T22:16:02 IST" duration-ms="174" status="PASS">
          <reporter-output>
          </reporter-output>
        </test-method> <!-- tearDownClass -->
      </class> <!-- stepdef.TestRunner -->
    </test> <!-- Default test -->
  </suite> <!-- Default suite -->
</testng-results>
